Determining if the pthread_create exist failed with the following output:
Change Dir: /home/mdeniaud/Projects/3dEngine/build/CMakeFiles/CMakeTmp

Run Build Command:/usr/bin/gmake "cmTryCompileExec4189158705/fast"
/usr/bin/gmake -f CMakeFiles/cmTryCompileExec4189158705.dir/build.make CMakeFiles/cmTryCompileExec4189158705.dir/build
gmake[1]: Entering directory `/home/mdeniaud/Projects/3dEngine/build/CMakeFiles/CMakeTmp'
/usr/bin/cmake -E cmake_progress_report /home/mdeniaud/Projects/3dEngine/build/CMakeFiles/CMakeTmp/CMakeFiles 1
Building C object CMakeFiles/cmTryCompileExec4189158705.dir/CheckSymbolExists.c.o
/usr/bin/cc    -o CMakeFiles/cmTryCompileExec4189158705.dir/CheckSymbolExists.c.o   -c /home/mdeniaud/Projects/3dEngine/build/CMakeFiles/CMakeTmp/CheckSymbolExists.c
Linking C executable cmTryCompileExec4189158705
/usr/bin/cmake -E cmake_link_script CMakeFiles/cmTryCompileExec4189158705.dir/link.txt --verbose=1
/usr/bin/cc         CMakeFiles/cmTryCompileExec4189158705.dir/CheckSymbolExists.c.o  -o cmTryCompileExec4189158705 -rdynamic 
CMakeFiles/cmTryCompileExec4189158705.dir/CheckSymbolExists.c.o: In function `main':
CheckSymbolExists.c:(.text+0x16): undefined reference to `pthread_create'
collect2: error: ld returned 1 exit status
gmake[1]: Leaving directory `/home/mdeniaud/Projects/3dEngine/build/CMakeFiles/CMakeTmp'
gmake[1]: *** [cmTryCompileExec4189158705] Error 1
gmake: *** [cmTryCompileExec4189158705/fast] Error 2

File /home/mdeniaud/Projects/3dEngine/build/CMakeFiles/CMakeTmp/CheckSymbolExists.c:
/* */
#include <pthread.h>

int main(int argc, char** argv)
{
  (void)argv;
#ifndef pthread_create
  return ((int*)(&pthread_create))[argc];
#else
  (void)argc;
  return 0;
#endif
}

Determining if the function pthread_create exists in the pthreads failed with the following output:
Change Dir: /home/mdeniaud/Projects/3dEngine/build/CMakeFiles/CMakeTmp

Run Build Command:/usr/bin/gmake "cmTryCompileExec3444583908/fast"
/usr/bin/gmake -f CMakeFiles/cmTryCompileExec3444583908.dir/build.make CMakeFiles/cmTryCompileExec3444583908.dir/build
gmake[1]: Entering directory `/home/mdeniaud/Projects/3dEngine/build/CMakeFiles/CMakeTmp'
/usr/bin/cmake -E cmake_progress_report /home/mdeniaud/Projects/3dEngine/build/CMakeFiles/CMakeTmp/CMakeFiles 1
Building C object CMakeFiles/cmTryCompileExec3444583908.dir/CheckFunctionExists.c.o
/usr/bin/cc   -DCHECK_FUNCTION_EXISTS=pthread_create   -o CMakeFiles/cmTryCompileExec3444583908.dir/CheckFunctionExists.c.o   -c /usr/share/cmake/Modules/CheckFunctionExists.c
Linking C executable cmTryCompileExec3444583908
/usr/bin/cmake -E cmake_link_script CMakeFiles/cmTryCompileExec3444583908.dir/link.txt --verbose=1
/usr/bin/cc     -DCHECK_FUNCTION_EXISTS=pthread_create    CMakeFiles/cmTryCompileExec3444583908.dir/CheckFunctionExists.c.o  -o cmTryCompileExec3444583908 -rdynamic -lpthreads 
/usr/bin/ld: cannot find -lpthreads
collect2: error: ld returned 1 exit status
gmake[1]: Leaving directory `/home/mdeniaud/Projects/3dEngine/build/CMakeFiles/CMakeTmp'
gmake[1]: *** [cmTryCompileExec3444583908] Error 1
gmake: *** [cmTryCompileExec3444583908/fast] Error 2


Determining if the function glXGetProcAddressEXT exists failed with the following output:
Change Dir: /home/mdeniaud/Projects/3dEngine/build/CMakeFiles/CMakeTmp

Run Build Command:/usr/bin/gmake "cmTryCompileExec2769323516/fast"
/usr/bin/gmake -f CMakeFiles/cmTryCompileExec2769323516.dir/build.make CMakeFiles/cmTryCompileExec2769323516.dir/build
gmake[1]: Entering directory `/home/mdeniaud/Projects/3dEngine/build/CMakeFiles/CMakeTmp'
/usr/bin/cmake -E cmake_progress_report /home/mdeniaud/Projects/3dEngine/build/CMakeFiles/CMakeTmp/CMakeFiles 1
Building C object CMakeFiles/cmTryCompileExec2769323516.dir/CheckFunctionExists.c.o
/usr/bin/cc   -DCHECK_FUNCTION_EXISTS=glXGetProcAddressEXT   -o CMakeFiles/cmTryCompileExec2769323516.dir/CheckFunctionExists.c.o   -c /usr/share/cmake/Modules/CheckFunctionExists.c
Linking C executable cmTryCompileExec2769323516
/usr/bin/cmake -E cmake_link_script CMakeFiles/cmTryCompileExec2769323516.dir/link.txt --verbose=1
/usr/bin/cc     -DCHECK_FUNCTION_EXISTS=glXGetProcAddressEXT    CMakeFiles/cmTryCompileExec2769323516.dir/CheckFunctionExists.c.o  -o cmTryCompileExec2769323516 -rdynamic -lGL 
CMakeFiles/cmTryCompileExec2769323516.dir/CheckFunctionExists.c.o: In function `main':
CheckFunctionExists.c:(.text+0x15): undefined reference to `glXGetProcAddressEXT'
collect2: error: ld returned 1 exit status
gmake[1]: Leaving directory `/home/mdeniaud/Projects/3dEngine/build/CMakeFiles/CMakeTmp'
gmake[1]: *** [cmTryCompileExec2769323516] Error 1
gmake: *** [cmTryCompileExec2769323516/fast] Error 2


